-------------------------------------------------------------------------------
Test set: dtu.examproject.cucumber.CucumberTest
-------------------------------------------------------------------------------
Tests run: 32, Failures: 2, Errors: 1, Skipped: 0, Time elapsed: 0.342 s <<< FAILURE! -- in dtu.examproject.cucumber.CucumberTest
See available users.The project leader attempts to see available employees -- Time elapsed: 0.010 s <<< FAILURE!
java.lang.AssertionError
	at hellofx@0.1/dtu.examproject.cucumber.SeeAvaliableHoursTest.theEmployeesAndAreReturned(SeeAvaliableHoursTest.java:69)
	at ✽.the employees "Carl" and "Alice" are returned(file:///Users/kris/Documents/GitHub/02161-Exam-Project/features/seeAvailableHours.feature:12)

Set the activities of a project.There is no project lead and the user tries to create activities for a project -- Time elapsed: 0.003 s <<< FAILURE!
java.lang.AssertionError
	at hellofx@0.1/dtu.examproject.cucumber.SetProjectActivitiesTest.projectHasTheActivity(SetProjectActivitiesTest.java:29)
	at ✽.project "Project 1" has the activity "Activity 1"(file:///Users/kris/Documents/GitHub/02161-Exam-Project/features/setProjectActivities.feature:17)

Set the start/end time of an activity.The user is not the project lead and tries to set a start/end time -- Time elapsed: 0.016 s <<< ERROR!
io.cucumber.junit.UndefinedStepException: 
The step 'the error "User does not have the required permissions to do that" is given' is undefined.
You can implement this step using the snippet(s) below:

@Then("the error {string} is given")
public void theErrorIsGiven(String string) {
    // Write code here that turns the phrase above into concrete actions
    throw new io.cucumber.java.PendingException();
}


