<?xml version="1.0" encoding="UTF-8"?>
<testsuite xmlns:xsi="http://www.w3.org/2001/XMLSchema-instance" xsi:noNamespaceSchemaLocation="https://maven.apache.org/surefire/maven-surefire-plugin/xsd/surefire-test-report-3.0.xsd" version="3.0" name="dtu.examproject.cucumber.CucumberTest" time="0.246" tests="10" errors="9" skipped="0" failures="0">
  <properties>
[...]
</properties>
  <testcase name="Add user successfully" classname="Add user to system" time="0.075">
    <error message="The step &apos;there is a user with the initials &quot;Bob&quot;&apos; and 2 other step(s) are undefined.&#10;You can implement these steps using the snippet(s) below:&#10;&#10;@Given(&quot;there is a user with the initials {string}&quot;)&#10;public void thereIsAUserWithTheInitials(String string) {&#10;    // Write code here that turns the phrase above into concrete actions&#10;    throw new io.cucumber.java.PendingException();&#10;}&#10;@When(&quot;the user registers the user&quot;)&#10;public void theUserRegistersTheUser() {&#10;    // Write code here that turns the phrase above into concrete actions&#10;    throw new io.cucumber.java.PendingException();&#10;}&#10;@Then(&quot;the user is registered&quot;)&#10;public void theUserIsRegistered() {&#10;    // Write code here that turns the phrase above into concrete actions&#10;    throw new io.cucumber.java.PendingException();&#10;}&#10;" type="io.cucumber.junit.UndefinedStepException"><![CDATA[io.cucumber.junit.UndefinedStepException: 
The step 'there is a user with the initials "Bob"' and 2 other step(s) are undefined.
You can implement these steps using the snippet(s) below:

@Given("there is a user with the initials {string}")
public void thereIsAUserWithTheInitials(String string) {
    // Write code here that turns the phrase above into concrete actions
    throw new io.cucumber.java.PendingException();
}
@When("the user registers the user")
public void theUserRegistersTheUser() {
    // Write code here that turns the phrase above into concrete actions
    throw new io.cucumber.java.PendingException();
}
@Then("the user is registered")
public void theUserIsRegistered() {
    // Write code here that turns the phrase above into concrete actions
    throw new io.cucumber.java.PendingException();
}

]]></error>
  </testcase>
  <testcase name="Register a user that is already registered" classname="Add user to system" time="0.003">
    <error message="The step &apos;a user with the initials &quot;Bob&quot; exists in the system&apos; and 2 other step(s) are undefined.&#10;You can implement these steps using the snippet(s) below:&#10;&#10;@Given(&quot;a user with the initials {string} exists in the system&quot;)&#10;public void aUserWithTheInitialsExistsInTheSystem(String string) {&#10;    // Write code here that turns the phrase above into concrete actions&#10;    throw new io.cucumber.java.PendingException();&#10;}&#10;@When(&quot;the user registers the user again&quot;)&#10;public void theUserRegistersTheUserAgain() {&#10;    // Write code here that turns the phrase above into concrete actions&#10;    throw new io.cucumber.java.PendingException();&#10;}&#10;@Then(&quot;the error message {string} is given&quot;)&#10;public void theErrorMessageIsGiven(String string) {&#10;    // Write code here that turns the phrase above into concrete actions&#10;    throw new io.cucumber.java.PendingException();&#10;}&#10;" type="io.cucumber.junit.UndefinedStepException"><![CDATA[io.cucumber.junit.UndefinedStepException: 
The step 'a user with the initials "Bob" exists in the system' and 2 other step(s) are undefined.
You can implement these steps using the snippet(s) below:

@Given("a user with the initials {string} exists in the system")
public void aUserWithTheInitialsExistsInTheSystem(String string) {
    // Write code here that turns the phrase above into concrete actions
    throw new io.cucumber.java.PendingException();
}
@When("the user registers the user again")
public void theUserRegistersTheUserAgain() {
    // Write code here that turns the phrase above into concrete actions
    throw new io.cucumber.java.PendingException();
}
@Then("the error message {string} is given")
public void theErrorMessageIsGiven(String string) {
    // Write code here that turns the phrase above into concrete actions
    throw new io.cucumber.java.PendingException();
}

]]></error>
  </testcase>
  <testcase name="Register a user when not logged in" classname="Add user to system" time="0.004">
    <error message="The step &apos;the user is not logged into the system&apos; and 3 other step(s) are undefined.&#10;You can implement these steps using the snippet(s) below:&#10;&#10;@Given(&quot;the user is not logged into the system&quot;)&#10;public void theUserIsNotLoggedIntoTheSystem() {&#10;    // Write code here that turns the phrase above into concrete actions&#10;    throw new io.cucumber.java.PendingException();&#10;}&#10;@Given(&quot;there is a user with the initials {string}&quot;)&#10;public void thereIsAUserWithTheInitials(String string) {&#10;    // Write code here that turns the phrase above into concrete actions&#10;    throw new io.cucumber.java.PendingException();&#10;}&#10;@When(&quot;the user registers the user&quot;)&#10;public void theUserRegistersTheUser() {&#10;    // Write code here that turns the phrase above into concrete actions&#10;    throw new io.cucumber.java.PendingException();&#10;}&#10;@Then(&quot;the error message {string} is given&quot;)&#10;public void theErrorMessageIsGiven(String string) {&#10;    // Write code here that turns the phrase above into concrete actions&#10;    throw new io.cucumber.java.PendingException();&#10;}&#10;" type="io.cucumber.junit.UndefinedStepException"><![CDATA[io.cucumber.junit.UndefinedStepException: 
The step 'the user is not logged into the system' and 3 other step(s) are undefined.
You can implement these steps using the snippet(s) below:

@Given("the user is not logged into the system")
public void theUserIsNotLoggedIntoTheSystem() {
    // Write code here that turns the phrase above into concrete actions
    throw new io.cucumber.java.PendingException();
}
@Given("there is a user with the initials {string}")
public void thereIsAUserWithTheInitials(String string) {
    // Write code here that turns the phrase above into concrete actions
    throw new io.cucumber.java.PendingException();
}
@When("the user registers the user")
public void theUserRegistersTheUser() {
    // Write code here that turns the phrase above into concrete actions
    throw new io.cucumber.java.PendingException();
}
@Then("the error message {string} is given")
public void theErrorMessageIsGiven(String string) {
    // Write code here that turns the phrase above into concrete actions
    throw new io.cucumber.java.PendingException();
}

]]></error>
  </testcase>
  <testcase name="The user associates a user with a project activity #1" classname="Associate worker with project or activity" time="0.005">
    <error message="The step &apos;a project &quot;Project 1&quot; with activity &quot;Activity 1&quot; exists in the system&apos; and 3 other step(s) are undefined.&#10;You can implement these steps using the snippet(s) below:&#10;&#10;@Given(&quot;a project {string} with activity {string} exists in the system&quot;)&#10;public void aProjectWithActivityExistsInTheSystem(String string, String string2) {&#10;    // Write code here that turns the phrase above into concrete actions&#10;    throw new io.cucumber.java.PendingException();&#10;}&#10;@Given(&quot;{string} is a registered user of the system&quot;)&#10;public void isARegisteredUserOfTheSystem(String string) {&#10;    // Write code here that turns the phrase above into concrete actions&#10;    throw new io.cucumber.java.PendingException();&#10;}&#10;@When(&quot;the user associates {string} with {string}&quot;)&#10;public void theUserAssociatesWith(String string, String string2) {&#10;    // Write code here that turns the phrase above into concrete actions&#10;    throw new io.cucumber.java.PendingException();&#10;}&#10;@Then(&quot;{string} is associated with project {string}&quot;)&#10;public void isAssociatedWithProject(String string, String string2) {&#10;    // Write code here that turns the phrase above into concrete actions&#10;    throw new io.cucumber.java.PendingException();&#10;}&#10;" type="io.cucumber.junit.UndefinedStepException"><![CDATA[io.cucumber.junit.UndefinedStepException: 
The step 'a project "Project 1" with activity "Activity 1" exists in the system' and 3 other step(s) are undefined.
You can implement these steps using the snippet(s) below:

@Given("a project {string} with activity {string} exists in the system")
public void aProjectWithActivityExistsInTheSystem(String string, String string2) {
    // Write code here that turns the phrase above into concrete actions
    throw new io.cucumber.java.PendingException();
}
@Given("{string} is a registered user of the system")
public void isARegisteredUserOfTheSystem(String string) {
    // Write code here that turns the phrase above into concrete actions
    throw new io.cucumber.java.PendingException();
}
@When("the user associates {string} with {string}")
public void theUserAssociatesWith(String string, String string2) {
    // Write code here that turns the phrase above into concrete actions
    throw new io.cucumber.java.PendingException();
}
@Then("{string} is associated with project {string}")
public void isAssociatedWithProject(String string, String string2) {
    // Write code here that turns the phrase above into concrete actions
    throw new io.cucumber.java.PendingException();
}

]]></error>
  </testcase>
  <testcase name="The user associates a user with a project activity #2" classname="Associate worker with project or activity" time="0.005">
    <error message="The step &apos;a project &quot;Project 1&quot; with activity &quot;Activity 1&quot; exists in the system&apos; and 3 other step(s) are undefined.&#10;You can implement these steps using the snippet(s) below:&#10;&#10;@Given(&quot;a project {string} with activity {string} exists in the system&quot;)&#10;public void aProjectWithActivityExistsInTheSystem(String string, String string2) {&#10;    // Write code here that turns the phrase above into concrete actions&#10;    throw new io.cucumber.java.PendingException();&#10;}&#10;@Given(&quot;{string} is a registered user of the system&quot;)&#10;public void isARegisteredUserOfTheSystem(String string) {&#10;    // Write code here that turns the phrase above into concrete actions&#10;    throw new io.cucumber.java.PendingException();&#10;}&#10;@When(&quot;the user associates {string} to project {string}&apos;s activity {string}&quot;)&#10;public void theUserAssociatesToProjectSActivity(String string, String string2, String string3) {&#10;    // Write code here that turns the phrase above into concrete actions&#10;    throw new io.cucumber.java.PendingException();&#10;}&#10;@Then(&quot;{string} is associated with project {string}&apos;s activity {string}&quot;)&#10;public void isAssociatedWithProjectSActivity(String string, String string2, String string3) {&#10;    // Write code here that turns the phrase above into concrete actions&#10;    throw new io.cucumber.java.PendingException();&#10;}&#10;" type="io.cucumber.junit.UndefinedStepException"><![CDATA[io.cucumber.junit.UndefinedStepException: 
The step 'a project "Project 1" with activity "Activity 1" exists in the system' and 3 other step(s) are undefined.
You can implement these steps using the snippet(s) below:

@Given("a project {string} with activity {string} exists in the system")
public void aProjectWithActivityExistsInTheSystem(String string, String string2) {
    // Write code here that turns the phrase above into concrete actions
    throw new io.cucumber.java.PendingException();
}
@Given("{string} is a registered user of the system")
public void isARegisteredUserOfTheSystem(String string) {
    // Write code here that turns the phrase above into concrete actions
    throw new io.cucumber.java.PendingException();
}
@When("the user associates {string} to project {string}'s activity {string}")
public void theUserAssociatesToProjectSActivity(String string, String string2, String string3) {
    // Write code here that turns the phrase above into concrete actions
    throw new io.cucumber.java.PendingException();
}
@Then("{string} is associated with project {string}'s activity {string}")
public void isAssociatedWithProjectSActivity(String string, String string2, String string3) {
    // Write code here that turns the phrase above into concrete actions
    throw new io.cucumber.java.PendingException();
}

]]></error>
  </testcase>
  <testcase name="The user associates a user with a project activity #3" classname="Associate worker with project or activity" time="0.004">
    <error message="The step &apos;the user is not logged into the system&apos; and 4 other step(s) are undefined.&#10;You can implement these steps using the snippet(s) below:&#10;&#10;@Given(&quot;the user is not logged into the system&quot;)&#10;public void theUserIsNotLoggedIntoTheSystem() {&#10;    // Write code here that turns the phrase above into concrete actions&#10;    throw new io.cucumber.java.PendingException();&#10;}&#10;@Given(&quot;a project {string} with activity {string} exists in the system&quot;)&#10;public void aProjectWithActivityExistsInTheSystem(String string, String string2) {&#10;    // Write code here that turns the phrase above into concrete actions&#10;    throw new io.cucumber.java.PendingException();&#10;}&#10;@Given(&quot;{string} is a registered user of the system&quot;)&#10;public void isARegisteredUserOfTheSystem(String string) {&#10;    // Write code here that turns the phrase above into concrete actions&#10;    throw new io.cucumber.java.PendingException();&#10;}&#10;@When(&quot;the user associates {string} with {string}&quot;)&#10;public void theUserAssociatesWith(String string, String string2) {&#10;    // Write code here that turns the phrase above into concrete actions&#10;    throw new io.cucumber.java.PendingException();&#10;}&#10;@Then(&quot;the error message {string} is given&quot;)&#10;public void theErrorMessageIsGiven(String string) {&#10;    // Write code here that turns the phrase above into concrete actions&#10;    throw new io.cucumber.java.PendingException();&#10;}&#10;" type="io.cucumber.junit.UndefinedStepException"><![CDATA[io.cucumber.junit.UndefinedStepException: 
The step 'the user is not logged into the system' and 4 other step(s) are undefined.
You can implement these steps using the snippet(s) below:

@Given("the user is not logged into the system")
public void theUserIsNotLoggedIntoTheSystem() {
    // Write code here that turns the phrase above into concrete actions
    throw new io.cucumber.java.PendingException();
}
@Given("a project {string} with activity {string} exists in the system")
public void aProjectWithActivityExistsInTheSystem(String string, String string2) {
    // Write code here that turns the phrase above into concrete actions
    throw new io.cucumber.java.PendingException();
}
@Given("{string} is a registered user of the system")
public void isARegisteredUserOfTheSystem(String string) {
    // Write code here that turns the phrase above into concrete actions
    throw new io.cucumber.java.PendingException();
}
@When("the user associates {string} with {string}")
public void theUserAssociatesWith(String string, String string2) {
    // Write code here that turns the phrase above into concrete actions
    throw new io.cucumber.java.PendingException();
}
@Then("the error message {string} is given")
public void theErrorMessageIsGiven(String string) {
    // Write code here that turns the phrase above into concrete actions
    throw new io.cucumber.java.PendingException();
}

]]></error>
  </testcase>
  <testcase name="The user associates a user with a project activity #4" classname="Associate worker with project or activity" time="0.003">
    <error message="The step &apos;the user is not logged into the system&apos; and 4 other step(s) are undefined.&#10;You can implement these steps using the snippet(s) below:&#10;&#10;@Given(&quot;the user is not logged into the system&quot;)&#10;public void theUserIsNotLoggedIntoTheSystem() {&#10;    // Write code here that turns the phrase above into concrete actions&#10;    throw new io.cucumber.java.PendingException();&#10;}&#10;@Given(&quot;a project {string} with activity {string} exists in the system&quot;)&#10;public void aProjectWithActivityExistsInTheSystem(String string, String string2) {&#10;    // Write code here that turns the phrase above into concrete actions&#10;    throw new io.cucumber.java.PendingException();&#10;}&#10;@Given(&quot;{string} is a registered user of the system&quot;)&#10;public void isARegisteredUserOfTheSystem(String string) {&#10;    // Write code here that turns the phrase above into concrete actions&#10;    throw new io.cucumber.java.PendingException();&#10;}&#10;@When(&quot;the user associates {string} to project {string}&apos;s activity {string}&quot;)&#10;public void theUserAssociatesToProjectSActivity(String string, String string2, String string3) {&#10;    // Write code here that turns the phrase above into concrete actions&#10;    throw new io.cucumber.java.PendingException();&#10;}&#10;@Then(&quot;the error message {string} is given&quot;)&#10;public void theErrorMessageIsGiven(String string) {&#10;    // Write code here that turns the phrase above into concrete actions&#10;    throw new io.cucumber.java.PendingException();&#10;}&#10;" type="io.cucumber.junit.UndefinedStepException"><![CDATA[io.cucumber.junit.UndefinedStepException: 
The step 'the user is not logged into the system' and 4 other step(s) are undefined.
You can implement these steps using the snippet(s) below:

@Given("the user is not logged into the system")
public void theUserIsNotLoggedIntoTheSystem() {
    // Write code here that turns the phrase above into concrete actions
    throw new io.cucumber.java.PendingException();
}
@Given("a project {string} with activity {string} exists in the system")
public void aProjectWithActivityExistsInTheSystem(String string, String string2) {
    // Write code here that turns the phrase above into concrete actions
    throw new io.cucumber.java.PendingException();
}
@Given("{string} is a registered user of the system")
public void isARegisteredUserOfTheSystem(String string) {
    // Write code here that turns the phrase above into concrete actions
    throw new io.cucumber.java.PendingException();
}
@When("the user associates {string} to project {string}'s activity {string}")
public void theUserAssociatesToProjectSActivity(String string, String string2, String string3) {
    // Write code here that turns the phrase above into concrete actions
    throw new io.cucumber.java.PendingException();
}
@Then("the error message {string} is given")
public void theErrorMessageIsGiven(String string) {
    // Write code here that turns the phrase above into concrete actions
    throw new io.cucumber.java.PendingException();
}

]]></error>
  </testcase>
  <testcase name="Add a project successfully" classname="Create a project" time="0.002">
    <error message="The step &apos;the user creates a project with the name &quot;Project1&quot;&apos; and 1 other step(s) are undefined.&#10;You can implement these steps using the snippet(s) below:&#10;&#10;@When(&quot;the user creates a project with the name {string}&quot;)&#10;public void theUserCreatesAProjectWithTheName(String string) {&#10;    // Write code here that turns the phrase above into concrete actions&#10;    throw new io.cucumber.java.PendingException();&#10;}&#10;@Then(&quot;a project with the name {string} is in the system&quot;)&#10;public void aProjectWithTheNameIsInTheSystem(String string) {&#10;    // Write code here that turns the phrase above into concrete actions&#10;    throw new io.cucumber.java.PendingException();&#10;}&#10;" type="io.cucumber.junit.UndefinedStepException"><![CDATA[io.cucumber.junit.UndefinedStepException: 
The step 'the user creates a project with the name "Project1"' and 1 other step(s) are undefined.
You can implement these steps using the snippet(s) below:

@When("the user creates a project with the name {string}")
public void theUserCreatesAProjectWithTheName(String string) {
    // Write code here that turns the phrase above into concrete actions
    throw new io.cucumber.java.PendingException();
}
@Then("a project with the name {string} is in the system")
public void aProjectWithTheNameIsInTheSystem(String string) {
    // Write code here that turns the phrase above into concrete actions
    throw new io.cucumber.java.PendingException();
}

]]></error>
  </testcase>
  <testcase name="A not logged in user tries to create a project" classname="Create a project" time="0.003">
    <error message="The step &apos;the user is not logged into the system&apos; and 2 other step(s) are undefined.&#10;You can implement these steps using the snippet(s) below:&#10;&#10;@Given(&quot;the user is not logged into the system&quot;)&#10;public void theUserIsNotLoggedIntoTheSystem() {&#10;    // Write code here that turns the phrase above into concrete actions&#10;    throw new io.cucumber.java.PendingException();&#10;}&#10;@When(&quot;the user creates a project with the name {string}&quot;)&#10;public void theUserCreatesAProjectWithTheName(String string) {&#10;    // Write code here that turns the phrase above into concrete actions&#10;    throw new io.cucumber.java.PendingException();&#10;}&#10;@Then(&quot;the error message {string} is given&quot;)&#10;public void theErrorMessageIsGiven(String string) {&#10;    // Write code here that turns the phrase above into concrete actions&#10;    throw new io.cucumber.java.PendingException();&#10;}&#10;" type="io.cucumber.junit.UndefinedStepException"><![CDATA[io.cucumber.junit.UndefinedStepException: 
The step 'the user is not logged into the system' and 2 other step(s) are undefined.
You can implement these steps using the snippet(s) below:

@Given("the user is not logged into the system")
public void theUserIsNotLoggedIntoTheSystem() {
    // Write code here that turns the phrase above into concrete actions
    throw new io.cucumber.java.PendingException();
}
@When("the user creates a project with the name {string}")
public void theUserCreatesAProjectWithTheName(String string) {
    // Write code here that turns the phrase above into concrete actions
    throw new io.cucumber.java.PendingException();
}
@Then("the error message {string} is given")
public void theErrorMessageIsGiven(String string) {
    // Write code here that turns the phrase above into concrete actions
    throw new io.cucumber.java.PendingException();
}

]]></error>
  </testcase>
  <testcase name="example scenario" classname="example feature" time="0.005"/>
</testsuite>