<?xml version="1.0" encoding="UTF-8"?>
<testsuite xmlns:xsi="http://www.w3.org/2001/XMLSchema-instance" xsi:noNamespaceSchemaLocation="https://maven.apache.org/surefire/maven-surefire-plugin/xsd/surefire-test-report-3.0.xsd" version="3.0" name="example.junit.TestJUnit4AndJUnit5" time="0.001" tests="1" errors="0" skipped="0" failures="0">
  <properties>
[...]
</properties>
  <testcase name="junit4Test" classname="example.junit.TestJUnit4AndJUnit5" time="0.0">
    <system-out><![CDATA[setUp
JUnit 4
]]></system-out>
  </testcase>
</testsuite>