<?xml version="1.0" encoding="UTF-8"?>
<testsuite xmlns:xsi="http://www.w3.org/2001/XMLSchema-instance" xsi:noNamespaceSchemaLocation="https://maven.apache.org/surefire/maven-surefire-plugin/xsd/surefire-test-report-3.0.xsd" version="3.0" name="dtu.examproject.cucumber.CucumberTest" time="0.342" tests="32" errors="1" skipped="0" failures="2">
  <properties>
[...]
</properties>
  <testcase name="Add user successfully" classname="Add user to system" time="0.069"/>
  <testcase name="Register a user that is already registered" classname="Add user to system" time="0.008"/>
  <testcase name="Register a user when not logged in" classname="Add user to system" time="0.006"/>
  <testcase name="The user associates a user with a project activity #1" classname="Associate worker with project or activity" time="0.007"/>
  <testcase name="The user associates a user with a project activity #2" classname="Associate worker with project or activity" time="0.005"/>
  <testcase name="The user associates a user with a project" classname="Associate worker with project or activity" time="0.003"/>
  <testcase name="The user associates a user with a project activity #3" classname="Associate worker with project or activity" time="0.004"/>
  <testcase name="Add a project successfully" classname="Create a project" time="0.003"/>
  <testcase name="A not logged in user tries to create a project" classname="Create a project" time="0.003"/>
  <testcase name="User gets their registered time" classname="Get registered time" time="0.007"/>
  <testcase name="The user tries to get their registered time when the user is not logged in" classname="Get registered time" time="0.002"/>
  <testcase name="The project leader attempts to see available employees" classname="See available users" time="0.01">
    <failure type="java.lang.AssertionError"><![CDATA[java.lang.AssertionError
	at hellofx@0.1/dtu.examproject.cucumber.SeeAvaliableHoursTest.theEmployeesAndAreReturned(SeeAvaliableHoursTest.java:69)
	at ✽.the employees "Carl" and "Alice" are returned(file:///Users/kris/Documents/GitHub/02161-Exam-Project/features/seeAvailableHours.feature:12)
]]></failure>
  </testcase>
  <testcase name="Someone other than the leader attempts to get available employees" classname="See available users" time="0.002"/>
  <testcase name="The user is a project lead for a project with registered time and tries to get hour registration" classname="See the distribution of registered hours" time="0.004"/>
  <testcase name="The user is not a project lead and tries to get hour registration" classname="See the distribution of registered hours" time="0.003"/>
  <testcase name="Set activity hour budget successfully" classname="Set activity hour budget" time="0.005"/>
  <testcase name="Set an activity hour budget for an activity in a project that does not exist" classname="Set activity hour budget" time="0.002"/>
  <testcase name="Set activity hour budget when not project lead" classname="Set activity hour budget" time="0.005"/>
  <testcase name="Set activity hour budget when not logged in" classname="Set activity hour budget" time="0.002"/>
  <testcase name="Set time used" classname="Set/edit Activity time used" time="0.003"/>
  <testcase name="Set time used with existing registration" classname="Set/edit Activity time used" time="0.002"/>
  <testcase name="set time used for an activity that does not exist." classname="Set/edit Activity time used" time="0.003"/>
  <testcase name="A not logged-on user sets the activity time used." classname="Set/edit Activity time used" time="0.002"/>
  <testcase name="The user is the project lead and tries to create activities for a project" classname="Set the activities of a project" time="0.002"/>
  <testcase name="There is no project lead and the user tries to create activities for a project" classname="Set the activities of a project" time="0.003">
    <failure type="java.lang.AssertionError"><![CDATA[java.lang.AssertionError
	at hellofx@0.1/dtu.examproject.cucumber.SetProjectActivitiesTest.projectHasTheActivity(SetProjectActivitiesTest.java:29)
	at ✽.project "Project 1" has the activity "Activity 1"(file:///Users/kris/Documents/GitHub/02161-Exam-Project/features/setProjectActivities.feature:17)
]]></failure>
  </testcase>
  <testcase name="The user is not the project lead and tries to create activities for a project" classname="Set the activities of a project" time="0.002"/>
  <testcase name="Add a project lead successfully" classname="Set project lead" time="0.002"/>
  <testcase name="Add a project lead when the user is not logged in" classname="Set project lead" time="0.002"/>
  <testcase name="Add a project lead when the project does not exist" classname="Set project lead" time="0.002"/>
  <testcase name="Add a project lead when the Employee is not registered" classname="Set project lead" time="0.002"/>
  <testcase name="The user is a project lead and tries to set start/end time" classname="Set the start/end time of an activity" time="0.004"/>
  <testcase name="The user is not the project lead and tries to set a start/end time" classname="Set the start/end time of an activity" time="0.016">
    <error message="The step &apos;the error &quot;User does not have the required permissions to do that&quot; is given&apos; is undefined.&#10;You can implement this step using the snippet(s) below:&#10;&#10;@Then(&quot;the error {string} is given&quot;)&#10;public void theErrorIsGiven(String string) {&#10;    // Write code here that turns the phrase above into concrete actions&#10;    throw new io.cucumber.java.PendingException();&#10;}&#10;" type="io.cucumber.junit.UndefinedStepException"><![CDATA[io.cucumber.junit.UndefinedStepException: 
The step 'the error "User does not have the required permissions to do that" is given' is undefined.
You can implement this step using the snippet(s) below:

@Then("the error {string} is given")
public void theErrorIsGiven(String string) {
    // Write code here that turns the phrase above into concrete actions
    throw new io.cucumber.java.PendingException();
}

]]></error>
  </testcase>
</testsuite>